<?xml version="1.0" encoding="UTF-8"?>
<!-- Generated by org.testng.reporters.JUnitReportReporter -->
<testsuite hostname="Dell-PC" failures="0" tests="3" name="TestNGSessions.TestCaseDesign" time="0.171" errors="0" timestamp="25 Nov 2021 13:21:09 GMT" skipped="0">
  <testcase classname="TestNGSessions.TestCaseDesign" name="homePageTitleTest" time="0.002"/>
  <testcase classname="TestNGSessions.TestCaseDesign" name="checkUserInfoTest" time="0.163"/>
  <testcase classname="TestNGSessions.TestCaseDesign" name="homePageSearchTest" time="0.006"/>
</testsuite> <!-- TestNGSessions.TestCaseDesign -->
