<?xml version="1.0" encoding="UTF-8"?>
<!-- Generated by org.testng.reporters.JUnitReportReporter -->
<testsuite hostname="Dell-PC" failures="0" tests="1" name="TestNGSessions.TestNGBasics" time="0.028" errors="0" timestamp="25 Nov 2021 14:17:27 GMT" skipped="0">
  <testcase classname="TestNGSessions.TestNGBasics" name="test1" time="0.028"/>
</testsuite> <!-- TestNGSessions.TestNGBasics -->
