<?xml version="1.0" encoding="UTF-8"?>
<!-- Generated by org.testng.reporters.JUnitReportReporter -->
<testsuite hostname="Dell-PC" failures="0" tests="3" name="TestNGSessions.TestNGAnnotations" time="0.029" errors="0" timestamp="25 Nov 2021 14:17:00 GMT" skipped="0">
  <testcase classname="TestNGSessions.TestNGAnnotations" name="addTest" time="0.021"/>
  <testcase classname="TestNGSessions.TestNGAnnotations" name="subTest" time="0.004"/>
  <testcase classname="TestNGSessions.TestNGAnnotations" name="mulTest" time="0.004"/>
</testsuite> <!-- TestNGSessions.TestNGAnnotations -->
